<?xml version="1.0" ?>
<coverage branch-rate="0.74" branches-covered="498" branches-valid="673" complexity="0" line-rate="0.8759" lines-covered="1299" lines-valid="1483" timestamp="1650629031521" version="5.5">
	<!-- Generated by coverage.py: https://coverage.readthedocs.io -->
	<!-- Based on https://raw.githubusercontent.com/cobertura/web/master/htdocs/xml/coverage-04.dtd -->
	<sources>
		<source>/home/alma/w-projects/ccf/src/eggplant</source>
	</sources>
	<packages>
		<package branch-rate="0.74" complexity="0" line-rate="0.8759" name=".">
			<classes>
				<class branch-rate="1" complexity="0" filename="__init__.py" line-rate="1" name="__init__.py">
					<methods/>
					<lines>
						<line hits="1" number="1"/>
						<line hits="1" number="3"/>
						<line hits="1" number="4"/>
						<line hits="1" number="5"/>
						<line hits="1" number="6"/>
						<line hits="1" number="7"/>
						<line hits="1" number="8"/>
						<line hits="1" number="9"/>
						<line hits="1" number="10"/>
					</lines>
				</class>
				<class branch-rate="1" complexity="0" filename="constants.py" line-rate="1" name="constants.py">
					<methods/>
					<lines>
						<line hits="1" number="1"/>
						<line hits="1" number="3"/>
					</lines>
				</class>
				<class branch-rate="0.7326" complexity="0" filename="methods.py" line-rate="0.901" name="methods.py">
					<methods/>
					<lines>
						<line hits="1" number="1"/>
						<line hits="1" number="2"/>
						<line hits="1" number="3"/>
						<line hits="1" number="5"/>
						<line hits="1" number="6"/>
						<line hits="1" number="7"/>
						<line hits="1" number="8"/>
						<line hits="1" number="9"/>
						<line hits="1" number="10"/>
						<line hits="1" number="11"/>
						<line hits="1" number="12"/>
						<line hits="1" number="13"/>
						<line hits="1" number="14"/>
						<line hits="1" number="16"/>
						<line hits="1" number="17"/>
						<line hits="1" number="19"/>
						<line hits="1" number="20"/>
						<line hits="1" number="23"/>
						<line branch="true" condition-coverage="100% (2/2)" hits="1" number="25"/>
						<line branch="true" condition-coverage="50% (1/2)" hits="1" missing-branches="27" number="26"/>
						<line hits="0" number="27"/>
						<line branch="true" condition-coverage="0% (0/2)" hits="0" missing-branches="25,29" number="28"/>
						<line hits="0" number="29"/>
						<line branch="true" condition-coverage="50% (1/2)" hits="1" missing-branches="25" number="30"/>
						<line branch="true" condition-coverage="100% (2/2)" hits="1" number="31"/>
						<line branch="true" condition-coverage="100% (2/2)" hits="1" number="32"/>
						<line hits="1" number="33"/>
						<line branch="true" condition-coverage="50% (1/2)" hits="1" missing-branches="35" number="34"/>
						<line hits="0" number="35"/>
						<line hits="1" number="38"/>
						<line hits="1" number="74"/>
						<line hits="1" number="76"/>
						<line hits="1" number="77"/>
						<line hits="1" number="78"/>
						<line branch="true" condition-coverage="100% (2/2)" hits="1" number="80"/>
						<line hits="1" number="81"/>
						<line hits="1" number="83"/>
						<line branch="true" condition-coverage="50% (1/2)" hits="1" missing-branches="86" number="85"/>
						<line hits="0" number="86"/>
						<line branch="true" condition-coverage="0% (0/2)" hits="0" missing-branches="88,92" number="87"/>
						<line hits="0" number="88"/>
						<line hits="1" number="90"/>
						<line hits="1" number="92"/>
						<line branch="true" condition-coverage="100% (2/2)" hits="1" number="94"/>
						<line hits="1" number="96"/>
						<line branch="true" condition-coverage="100% (2/2)" hits="1" number="98"/>
						<line hits="1" number="99"/>
						<line hits="1" number="100"/>
						<line hits="1" number="101"/>
						<line hits="1" number="102"/>
						<line hits="1" number="103"/>
						<line hits="1" number="104"/>
						<line branch="true" condition-coverage="50% (1/2)" hits="1" missing-branches="134" number="106"/>
						<line hits="1" number="107"/>
						<line hits="1" number="109"/>
						<line branch="true" condition-coverage="100% (2/2)" hits="1" number="110"/>
						<line hits="1" number="111"/>
						<line hits="1" number="113"/>
						<line hits="1" number="116"/>
						<line hits="1" number="118"/>
						<line hits="1" number="119"/>
						<line hits="1" number="122"/>
						<line branch="true" condition-coverage="100% (2/2)" hits="1" number="126"/>
						<line branch="true" condition-coverage="100% (2/2)" hits="1" number="127"/>
						<line hits="1" number="128"/>
						<line hits="1" number="129"/>
						<line hits="1" number="130"/>
						<line hits="1" number="131"/>
						<line hits="1" number="132"/>
						<line hits="1" number="134"/>
						<line hits="1" number="137"/>
						<line hits="1" number="138"/>
						<line hits="1" number="139"/>
						<line hits="1" number="140"/>
						<line hits="1" number="141"/>
						<line hits="1" number="142"/>
						<line hits="1" number="144"/>
						<line hits="1" number="145"/>
						<line hits="1" number="146"/>
						<line hits="1" number="149"/>
						<line branch="true" condition-coverage="100% (2/2)" hits="1" number="226"/>
						<line hits="1" number="227"/>
						<line hits="1" number="228"/>
						<line branch="true" condition-coverage="100% (2/2)" hits="1" number="229"/>
						<line hits="1" number="230"/>
						<line hits="1" number="231"/>
						<line branch="true" condition-coverage="100% (2/2)" hits="1" number="233"/>
						<line branch="true" condition-coverage="50% (1/2)" hits="1" missing-branches="236" number="235"/>
						<line branch="true" condition-coverage="0% (0/2)" hits="0" missing-branches="exit,246" number="236"/>
						<line branch="true" condition-coverage="50% (1/2)" hits="1" missing-branches="241" number="239"/>
						<line branch="true" condition-coverage="100% (2/2)" hits="1" number="240"/>
						<line branch="true" condition-coverage="0% (0/2)" hits="0" missing-branches="242,246" number="241"/>
						<line hits="0" number="242"/>
						<line hits="1" number="246"/>
						<line hits="1" number="247"/>
						<line branch="true" condition-coverage="100% (2/2)" hits="1" number="249"/>
						<line hits="1" number="250"/>
						<line hits="1" number="252"/>
						<line hits="1" number="253"/>
						<line hits="1" number="254"/>
						<line hits="1" number="255"/>
						<line branch="true" condition-coverage="100% (2/2)" hits="1" number="257"/>
						<line branch="true" condition-coverage="100% (2/2)" hits="1" number="258"/>
						<line branch="true" condition-coverage="100% (2/2)" hits="1" number="259"/>
						<line branch="true" condition-coverage="100% (2/2)" hits="1" number="260"/>
						<line branch="true" condition-coverage="100% (2/2)" hits="1" number="262"/>
						<line hits="1" number="263"/>
						<line hits="1" number="264"/>
						<line hits="1" number="266"/>
						<line hits="1" number="268"/>
						<line branch="true" condition-coverage="100% (2/2)" hits="1" number="270"/>
						<line hits="1" number="271"/>
						<line hits="1" number="272"/>
						<line hits="1" number="273"/>
						<line branch="true" condition-coverage="50% (1/2)" hits="1" missing-branches="276" number="275"/>
						<line hits="0" number="276"/>
						<line hits="0" number="279"/>
						<line branch="true" condition-coverage="100% (2/2)" hits="1" number="281"/>
						<line hits="1" number="283"/>
						<line branch="true" condition-coverage="50% (1/2)" hits="1" missing-branches="321" number="289"/>
						<line branch="true" condition-coverage="50% (1/2)" hits="1" missing-branches="291" number="290"/>
						<line branch="true" condition-coverage="0% (0/2)" hits="0" missing-branches="292,294" number="291"/>
						<line hits="0" number="292"/>
						<line branch="true" condition-coverage="0% (0/2)" hits="0" missing-branches="295,300" number="294"/>
						<line hits="0" number="295"/>
						<line hits="0" number="300"/>
						<line hits="1" number="302"/>
						<line hits="1" number="306"/>
						<line hits="1" number="309"/>
						<line hits="1" number="313"/>
						<line hits="1" number="321"/>
						<line hits="1" number="322"/>
						<line hits="1" number="332"/>
						<line branch="true" condition-coverage="50% (1/2)" hits="1" missing-branches="338" number="337"/>
						<line hits="0" number="338"/>
						<line hits="1" number="340"/>
						<line branch="true" condition-coverage="50% (1/2)" hits="1" missing-branches="348" number="345"/>
						<line hits="1" number="346"/>
						<line branch="true" condition-coverage="100% (2/2)" hits="1" number="348"/>
						<line hits="1" number="349"/>
						<line hits="1" number="351"/>
						<line hits="1" number="353"/>
						<line branch="true" condition-coverage="100% (2/2)" hits="1" number="354"/>
						<line hits="1" number="355"/>
						<line branch="true" condition-coverage="50% (1/2)" hits="1" missing-branches="359" number="356"/>
						<line hits="1" number="357"/>
						<line branch="true" condition-coverage="100% (2/2)" hits="1" number="359"/>
						<line hits="1" number="360"/>
						<line hits="1" number="362"/>
						<line hits="1" number="365"/>
						<line hits="1" number="437"/>
						<line hits="1" number="438"/>
						<line hits="1" number="439"/>
						<line hits="1" number="441"/>
						<line branch="true" condition-coverage="50% (1/2)" hits="1" missing-branches="444" number="443"/>
						<line hits="0" number="444"/>
						<line hits="0" number="445"/>
						<line branch="true" condition-coverage="50% (1/2)" hits="1" missing-branches="450" number="446"/>
						<line hits="1" number="447"/>
						<line hits="1" number="448"/>
						<line hits="0" number="450"/>
						<line hits="0" number="451"/>
						<line hits="1" number="453"/>
						<line hits="1" number="454"/>
						<line branch="true" condition-coverage="50% (1/2)" hits="1" missing-branches="457" number="456"/>
						<line hits="0" number="457"/>
						<line hits="1" number="459"/>
						<line branch="true" condition-coverage="100% (2/2)" hits="1" number="461"/>
						<line hits="1" number="462"/>
						<line branch="true" condition-coverage="50% (1/2)" hits="1" missing-branches="478" number="463"/>
						<line branch="true" condition-coverage="50% (1/2)" hits="1" missing-branches="474" number="464"/>
						<line hits="1" number="465"/>
						<line hits="1" number="466"/>
						<line branch="true" condition-coverage="100% (2/2)" hits="1" number="467"/>
						<line hits="1" number="468"/>
						<line hits="1" number="471"/>
						<line hits="1" number="472"/>
						<line hits="0" number="474"/>
						<line branch="true" condition-coverage="50% (1/2)" hits="1" missing-branches="483" number="478"/>
						<line hits="1" number="479"/>
						<line hits="0" number="483"/>
						<line hits="1" number="485"/>
						<line branch="true" condition-coverage="100% (2/2)" hits="1" number="489"/>
						<line hits="1" number="490"/>
						<line hits="1" number="495"/>
						<line branch="true" condition-coverage="50% (1/2)" hits="1" missing-branches="497" number="496"/>
						<line hits="0" number="497"/>
						<line hits="1" number="499"/>
						<line hits="1" number="501"/>
						<line hits="1" number="517"/>
						<line hits="1" number="518"/>
						<line hits="1" number="519"/>
						<line hits="1" number="521"/>
						<line hits="1" number="523"/>
						<line hits="1" number="524"/>
						<line hits="1" number="525"/>
						<line hits="1" number="526"/>
						<line hits="1" number="527"/>
						<line branch="true" condition-coverage="100% (2/2)" hits="1" number="528"/>
						<line hits="1" number="529"/>
						<line hits="1" number="530"/>
						<line hits="1" number="532"/>
						<line hits="1" number="533"/>
						<line hits="1" number="534"/>
						<line hits="1" number="535"/>
						<line hits="1" number="536"/>
						<line hits="1" number="537"/>
						<line hits="1" number="538"/>
						<line branch="true" condition-coverage="100% (2/2)" hits="1" number="540"/>
						<line hits="1" number="543"/>
						<line hits="1" number="546"/>
						<line hits="1" number="547"/>
						<line hits="1" number="548"/>
						<line hits="1" number="549"/>
						<line hits="1" number="550"/>
						<line hits="1" number="551"/>
						<line hits="1" number="556"/>
						<line hits="1" number="557"/>
						<line hits="1" number="559"/>
						<line hits="1" number="562"/>
						<line branch="true" condition-coverage="100% (2/2)" hits="1" number="646"/>
						<line hits="1" number="647"/>
						<line hits="1" number="648"/>
						<line branch="true" condition-coverage="100% (2/2)" hits="1" number="649"/>
						<line hits="1" number="650"/>
						<line hits="1" number="651"/>
						<line hits="1" number="653"/>
						<line hits="1" number="655"/>
						<line hits="1" number="657"/>
						<line hits="1" number="658"/>
						<line hits="1" number="660"/>
						<line hits="1" number="661"/>
						<line hits="1" number="663"/>
						<line hits="1" number="665"/>
						<line branch="true" condition-coverage="100% (2/2)" hits="1" number="667"/>
						<line branch="true" condition-coverage="50% (1/2)" hits="1" missing-branches="669" number="668"/>
						<line hits="0" number="669"/>
						<line hits="0" number="670"/>
						<line hits="0" number="671"/>
						<line branch="true" condition-coverage="100% (2/2)" hits="1" number="679"/>
						<line hits="1" number="680"/>
						<line hits="1" number="681"/>
						<line hits="1" number="683"/>
						<line hits="1" number="684"/>
						<line hits="1" number="686"/>
						<line hits="1" number="688"/>
						<line hits="1" number="689"/>
						<line hits="1" number="690"/>
						<line hits="1" number="692"/>
						<line hits="1" number="693"/>
						<line hits="1" number="694"/>
						<line branch="true" condition-coverage="50% (1/2)" hits="1" missing-branches="696" number="695"/>
						<line hits="0" number="696"/>
						<line hits="1" number="700"/>
						<line hits="1" number="703"/>
						<line hits="1" number="707"/>
						<line hits="1" number="709"/>
						<line hits="1" number="715"/>
						<line hits="1" number="717"/>
						<line branch="true" condition-coverage="50% (1/2)" hits="1" missing-branches="720" number="719"/>
						<line hits="0" number="720"/>
						<line hits="0" number="726"/>
						<line hits="1" number="728"/>
						<line branch="true" condition-coverage="100% (2/2)" hits="1" number="730"/>
						<line hits="1" number="731"/>
						<line branch="true" condition-coverage="100% (2/2)" hits="1" number="732"/>
						<line hits="1" number="733"/>
						<line hits="1" number="737"/>
						<line hits="1" number="738"/>
						<line hits="1" number="739"/>
						<line hits="1" number="745"/>
						<line hits="1" number="746"/>
						<line hits="1" number="747"/>
						<line hits="1" number="755"/>
						<line hits="1" number="756"/>
						<line hits="1" number="758"/>
						<line hits="1" number="759"/>
						<line hits="1" number="761"/>
						<line hits="1" number="763"/>
						<line branch="true" condition-coverage="100% (2/2)" hits="1" number="765"/>
						<line hits="1" number="766"/>
						<line hits="1" number="768"/>
						<line hits="1" number="770"/>
						<line hits="1" number="773"/>
						<line hits="1" number="784"/>
						<line hits="1" number="785"/>
						<line hits="1" number="793"/>
						<line branch="true" condition-coverage="50% (1/2)" hits="1" missing-branches="797" number="795"/>
						<line branch="true" condition-coverage="100% (2/2)" hits="1" number="796"/>
						<line branch="true" condition-coverage="0% (0/2)" hits="0" missing-branches="798,799" number="797"/>
						<line branch="true" condition-coverage="0% (0/2)" hits="0" missing-branches="exit,802" number="798"/>
						<line branch="true" condition-coverage="0% (0/2)" hits="0" missing-branches="800,802" number="799"/>
						<line hits="0" number="800"/>
						<line hits="1" number="802"/>
						<line hits="1" number="805"/>
						<line hits="1" number="811"/>
						<line hits="1" number="833"/>
						<line hits="1" number="835"/>
						<line hits="1" number="836"/>
						<line hits="1" number="837"/>
						<line hits="1" number="839"/>
						<line hits="1" number="840"/>
						<line hits="1" number="842"/>
						<line hits="1" number="848"/>
						<line hits="1" number="849"/>
						<line hits="1" number="850"/>
						<line hits="1" number="851"/>
						<line hits="1" number="852"/>
						<line hits="1" number="853"/>
						<line hits="1" number="854"/>
						<line hits="1" number="855"/>
						<line hits="1" number="857"/>
						<line hits="1" number="858"/>
						<line hits="1" number="860"/>
						<line branch="true" condition-coverage="100% (2/2)" hits="1" number="864"/>
						<line hits="1" number="865"/>
						<line hits="1" number="866"/>
						<line hits="1" number="867"/>
						<line hits="1" number="868"/>
						<line hits="1" number="870"/>
						<line hits="1" number="885"/>
						<line hits="1" number="886"/>
						<line hits="1" number="887"/>
						<line hits="1" number="889"/>
						<line hits="1" number="905"/>
						<line branch="true" condition-coverage="100% (2/2)" hits="1" number="906"/>
						<line hits="1" number="907"/>
						<line hits="1" number="908"/>
						<line hits="1" number="909"/>
						<line hits="1" number="910"/>
						<line hits="1" number="911"/>
						<line branch="true" condition-coverage="100% (2/2)" hits="1" number="912"/>
						<line hits="1" number="916"/>
						<line hits="1" number="918"/>
						<line hits="1" number="920"/>
						<line hits="1" number="935"/>
						<line branch="true" condition-coverage="100% (2/2)" hits="1" number="936"/>
						<line branch="true" condition-coverage="100% (2/2)" hits="1" number="937"/>
						<line hits="1" number="938"/>
						<line hits="1" number="939"/>
						<line branch="true" condition-coverage="100% (2/2)" hits="1" number="940"/>
						<line hits="1" number="943"/>
						<line hits="1" number="945"/>
						<line hits="1" number="947"/>
						<line branch="true" condition-coverage="50% (1/2)" hits="1" missing-branches="969" number="966"/>
						<line hits="1" number="967"/>
						<line branch="true" condition-coverage="50% (1/2)" hits="1" missing-branches="971" number="969"/>
						<line hits="1" number="970"/>
						<line branch="true" condition-coverage="0% (0/2)" hits="0" missing-branches="972,974" number="971"/>
						<line hits="0" number="972"/>
						<line branch="true" condition-coverage="100% (2/2)" hits="1" number="974"/>
						<line hits="1" number="976"/>
						<line hits="1" number="977"/>
						<line hits="1" number="978"/>
						<line hits="1" number="979"/>
						<line branch="true" condition-coverage="100% (2/2)" hits="1" number="980"/>
						<line hits="1" number="982"/>
						<line hits="1" number="983"/>
						<line hits="1" number="985"/>
						<line branch="true" condition-coverage="100% (2/2)" hits="1" number="987"/>
						<line branch="true" condition-coverage="100% (2/2)" hits="1" number="988"/>
						<line hits="1" number="989"/>
						<line hits="1" number="990"/>
						<line hits="1" number="991"/>
						<line hits="1" number="992"/>
						<line branch="true" condition-coverage="100% (2/2)" hits="1" number="994"/>
						<line hits="1" number="995"/>
						<line hits="1" number="996"/>
						<line branch="true" condition-coverage="100% (2/2)" hits="1" number="998"/>
						<line hits="1" number="999"/>
						<line hits="1" number="1000"/>
						<line hits="1" number="1001"/>
						<line hits="1" number="1002"/>
						<line hits="1" number="1003"/>
						<line branch="true" condition-coverage="100% (2/2)" hits="1" number="1005"/>
						<line hits="1" number="1006"/>
						<line hits="1" number="1008"/>
						<line hits="1" number="1009"/>
						<line hits="1" number="1010"/>
						<line hits="1" number="1012"/>
						<line hits="1" number="1013"/>
						<line hits="1" number="1014"/>
						<line hits="1" number="1016"/>
						<line hits="1" number="1017"/>
					</lines>
				</class>
				<class branch-rate="0.775" complexity="0" filename="models.py" line-rate="0.9271" name="models.py">
					<methods/>
					<lines>
						<line hits="1" number="1"/>
						<line hits="1" number="2"/>
						<line hits="1" number="3"/>
						<line hits="1" number="4"/>
						<line hits="1" number="6"/>
						<line hits="1" number="7"/>
						<line hits="1" number="9"/>
						<line hits="1" number="10"/>
						<line hits="1" number="12"/>
						<line hits="1" number="13"/>
						<line hits="1" number="15"/>
						<line hits="1" number="16"/>
						<line hits="1" number="17"/>
						<line hits="1" number="20"/>
						<line hits="1" number="21"/>
						<line hits="1" number="24"/>
						<line hits="1" number="31"/>
						<line hits="1" number="57"/>
						<line hits="1" number="58"/>
						<line hits="1" number="59"/>
						<line branch="true" condition-coverage="50% (1/2)" hits="1" missing-branches="62" number="61"/>
						<line hits="0" number="62"/>
						<line hits="1" number="64"/>
						<line branch="true" condition-coverage="100% (2/2)" hits="1" number="66"/>
						<line hits="1" number="67"/>
						<line hits="1" number="68"/>
						<line branch="true" condition-coverage="100% (2/2)" hits="1" number="70"/>
						<line branch="true" condition-coverage="100% (2/2)" hits="1" number="71"/>
						<line hits="1" number="73"/>
						<line hits="1" number="75"/>
						<line hits="1" number="76"/>
						<line hits="1" number="78"/>
						<line hits="1" number="79"/>
						<line branch="true" condition-coverage="100% (2/2)" hits="1" number="81"/>
						<line hits="1" number="82"/>
						<line branch="true" condition-coverage="100% (2/2)" hits="1" number="84"/>
						<line hits="1" number="85"/>
						<line hits="1" number="87"/>
						<line hits="1" number="89"/>
						<line hits="1" number="91"/>
						<line hits="1" number="92"/>
						<line hits="1" number="94"/>
						<line hits="1" number="95"/>
						<line branch="true" condition-coverage="50% (1/2)" hits="1" missing-branches="exit" number="99"/>
						<line hits="1" number="100"/>
						<line hits="1" number="102"/>
						<line hits="1" number="103"/>
						<line branch="true" condition-coverage="100% (2/2)" hits="1" number="108"/>
						<line hits="1" number="109"/>
						<line hits="1" number="111"/>
						<line hits="1" number="113"/>
						<line hits="1" number="116"/>
						<line hits="1" number="117"/>
						<line branch="true" condition-coverage="100% (2/2)" hits="1" number="145"/>
						<line hits="1" number="146"/>
						<line hits="1" number="148"/>
						<line hits="1" number="150"/>
						<line hits="1" number="157"/>
						<line hits="1" number="167"/>
						<line hits="1" number="169"/>
						<line hits="1" number="175"/>
						<line hits="1" number="176"/>
						<line hits="1" number="178"/>
						<line hits="1" number="181"/>
						<line hits="1" number="182"/>
						<line hits="1" number="220"/>
						<line hits="1" number="222"/>
						<line hits="1" number="223"/>
						<line hits="1" number="229"/>
						<line branch="true" condition-coverage="100% (2/2)" hits="1" number="231"/>
						<line hits="1" number="232"/>
						<line hits="1" number="234"/>
						<line hits="1" number="236"/>
						<line hits="1" number="246"/>
						<line hits="1" number="248"/>
						<line hits="1" number="254"/>
						<line hits="1" number="255"/>
						<line hits="1" number="257"/>
						<line hits="1" number="260"/>
						<line hits="1" number="263"/>
						<line branch="true" condition-coverage="100% (2/2)" hits="1" number="279"/>
						<line hits="1" number="280"/>
						<line branch="true" condition-coverage="100% (2/2)" hits="1" number="282"/>
						<line hits="1" number="283"/>
						<line branch="true" condition-coverage="100% (2/2)" hits="1" number="284"/>
						<line branch="true" condition-coverage="100% (2/2)" hits="1" number="287"/>
						<line branch="true" condition-coverage="100% (2/2)" hits="1" number="288"/>
						<line hits="1" number="289"/>
						<line branch="true" condition-coverage="50% (1/2)" hits="1" missing-branches="295" number="290"/>
						<line branch="true" condition-coverage="100% (2/2)" hits="1" number="291"/>
						<line hits="1" number="295"/>
						<line hits="1" number="296"/>
						<line hits="1" number="298"/>
						<line hits="1" number="300"/>
						<line hits="1" number="301"/>
						<line hits="1" number="302"/>
						<line hits="1" number="308"/>
						<line hits="1" number="309"/>
						<line hits="1" number="310"/>
						<line hits="1" number="312"/>
						<line hits="1" number="313"/>
						<line hits="1" number="314"/>
						<line hits="1" number="315"/>
						<line hits="1" number="316"/>
						<line hits="1" number="318"/>
						<line branch="true" condition-coverage="100% (2/2)" hits="1" number="325"/>
						<line branch="true" condition-coverage="50% (1/2)" hits="1" missing-branches="328" number="327"/>
						<line hits="0" number="328"/>
						<line branch="true" condition-coverage="100% (2/2)" hits="1" number="330"/>
						<line branch="true" condition-coverage="50% (1/2)" hits="1" missing-branches="333" number="332"/>
						<line hits="0" number="333"/>
						<line branch="true" condition-coverage="0% (0/2)" hits="0" missing-branches="335,336" number="334"/>
						<line hits="0" number="335"/>
						<line hits="0" number="336"/>
						<line hits="1" number="339"/>
						<line branch="true" condition-coverage="50% (1/2)" hits="1" missing-branches="362" number="341"/>
						<line branch="true" condition-coverage="100% (2/2)" hits="1" number="344"/>
						<line hits="1" number="345"/>
						<line hits="1" number="347"/>
						<line branch="true" condition-coverage="100% (2/2)" hits="1" number="349"/>
						<line branch="true" condition-coverage="100% (2/2)" hits="1" number="350"/>
						<line hits="1" number="351"/>
						<line branch="true" condition-coverage="50% (1/2)" hits="1" missing-branches="360" number="356"/>
						<line hits="1" number="357"/>
						<line hits="0" number="360"/>
						<line branch="true" condition-coverage="0% (0/2)" hits="0" missing-branches="363,366" number="362"/>
						<line hits="0" number="363"/>
						<line hits="0" number="366"/>
						<line hits="1" number="370"/>
						<line hits="1" number="372"/>
						<line hits="1" number="381"/>
						<line branch="true" condition-coverage="50% (1/2)" hits="1" missing-branches="386" number="385"/>
						<line hits="0" number="386"/>
						<line hits="1" number="388"/>
						<line hits="1" number="389"/>
						<line hits="1" number="390"/>
						<line hits="1" number="391"/>
						<line hits="1" number="393"/>
						<line hits="1" number="397"/>
						<line hits="1" number="398"/>
						<line hits="1" number="399"/>
						<line hits="1" number="400"/>
						<line hits="1" number="401"/>
						<line hits="1" number="403"/>
						<line hits="1" number="419"/>
						<line hits="1" number="420"/>
						<line branch="true" condition-coverage="100% (2/2)" hits="1" number="422"/>
						<line branch="true" condition-coverage="100% (2/2)" hits="1" number="423"/>
						<line hits="1" number="427"/>
						<line branch="true" condition-coverage="100% (2/2)" hits="1" number="428"/>
						<line hits="1" number="430"/>
						<line hits="1" number="431"/>
						<line hits="1" number="432"/>
						<line hits="1" number="433"/>
						<line hits="1" number="435"/>
						<line hits="1" number="436"/>
						<line hits="1" number="437"/>
						<line hits="1" number="444"/>
						<line hits="1" number="446"/>
						<line branch="true" condition-coverage="50% (1/2)" hits="1" missing-branches="exit" number="451"/>
						<line hits="1" number="452"/>
						<line hits="1" number="453"/>
						<line hits="1" number="454"/>
						<line hits="1" number="455"/>
						<line hits="1" number="456"/>
						<line hits="1" number="461"/>
						<line hits="1" number="462"/>
						<line hits="1" number="463"/>
						<line hits="1" number="465"/>
						<line branch="true" condition-coverage="100% (2/2)" hits="1" number="479"/>
						<line hits="1" number="480"/>
						<line branch="true" condition-coverage="50% (1/2)" hits="1" missing-branches="485" number="482"/>
						<line hits="1" number="483"/>
						<line hits="1" number="485"/>
						<line branch="true" condition-coverage="50% (1/2)" hits="1" missing-branches="492" number="491"/>
						<line hits="0" number="492"/>
						<line hits="1" number="494"/>
						<line branch="true" condition-coverage="50% (1/2)" hits="1" missing-branches="502" number="501"/>
						<line hits="0" number="502"/>
						<line branch="true" condition-coverage="50% (1/2)" hits="1" missing-branches="504" number="503"/>
						<line hits="0" number="504"/>
						<line hits="1" number="506"/>
						<line branch="true" condition-coverage="100% (2/2)" hits="1" number="507"/>
						<line hits="1" number="508"/>
						<line hits="1" number="509"/>
						<line hits="1" number="511"/>
						<line hits="1" number="515"/>
						<line hits="1" number="516"/>
						<line hits="1" number="518"/>
						<line branch="true" condition-coverage="50% (1/2)" hits="1" missing-branches="522" number="519"/>
						<line hits="1" number="520"/>
						<line hits="1" number="522"/>
					</lines>
				</class>
				<class branch-rate="0" complexity="0" filename="ode.py" line-rate="0.3226" name="ode.py">
					<methods/>
					<lines>
						<line hits="1" number="1"/>
						<line hits="1" number="2"/>
						<line hits="1" number="3"/>
						<line hits="1" number="4"/>
						<line hits="1" number="7"/>
						<line hits="0" number="10"/>
						<line hits="0" number="12"/>
						<line hits="0" number="13"/>
						<line branch="true" condition-coverage="0% (0/2)" hits="0" missing-branches="15,21" number="14"/>
						<line branch="true" condition-coverage="0% (0/2)" hits="0" missing-branches="14,16" number="15"/>
						<line branch="true" condition-coverage="0% (0/2)" hits="0" missing-branches="17,19" number="16"/>
						<line hits="0" number="17"/>
						<line hits="0" number="19"/>
						<line hits="0" number="20"/>
						<line hits="0" number="21"/>
						<line hits="0" number="23"/>
						<line hits="1" number="26"/>
						<line hits="1" number="27"/>
						<line hits="0" number="35"/>
						<line hits="0" number="36"/>
						<line hits="0" number="37"/>
						<line hits="0" number="38"/>
						<line hits="0" number="39"/>
						<line hits="1" number="41"/>
						<line hits="0" number="42"/>
						<line hits="0" number="43"/>
						<line hits="1" number="45"/>
						<line hits="0" number="46"/>
						<line hits="0" number="47"/>
						<line hits="1" number="49"/>
						<line hits="0" number="53"/>
					</lines>
				</class>
				<class branch-rate="0.7644" complexity="0" filename="plot.py" line-rate="0.8757" name="plot.py">
					<methods/>
					<lines>
						<line hits="1" number="1"/>
						<line hits="1" number="2"/>
						<line hits="1" number="4"/>
						<line hits="1" number="5"/>
						<line hits="1" number="6"/>
						<line hits="1" number="7"/>
						<line hits="1" number="9"/>
						<line hits="1" number="10"/>
						<line hits="1" number="11"/>
						<line hits="1" number="12"/>
						<line hits="1" number="15"/>
						<line hits="1" number="18"/>
						<line hits="1" number="98"/>
						<line branch="true" condition-coverage="100% (2/2)" hits="1" number="100"/>
						<line hits="1" number="101"/>
						<line hits="1" number="105"/>
						<line hits="1" number="106"/>
						<line hits="1" number="112"/>
						<line branch="true" condition-coverage="50% (1/2)" hits="1" missing-branches="116" number="113"/>
						<line hits="1" number="114"/>
						<line hits="1" number="116"/>
						<line hits="1" number="118"/>
						<line hits="1" number="119"/>
						<line branch="true" condition-coverage="100% (2/2)" hits="1" number="121"/>
						<line hits="1" number="122"/>
						<line branch="true" condition-coverage="100% (2/2)" hits="1" number="124"/>
						<line branch="true" condition-coverage="50% (1/2)" hits="1" missing-branches="131" number="125"/>
						<line branch="true" condition-coverage="100% (2/2)" hits="1" number="126"/>
						<line branch="true" condition-coverage="100% (2/2)" hits="1" number="128"/>
						<line branch="true" condition-coverage="0% (0/2)" hits="0" missing-branches="exit,132" number="131"/>
						<line branch="true" condition-coverage="0% (0/2)" hits="0" missing-branches="exit,141" number="132"/>
						<line branch="true" condition-coverage="50% (1/2)" hits="1" missing-branches="138" number="134"/>
						<line branch="true" condition-coverage="100% (2/2)" hits="1" number="135"/>
						<line branch="true" condition-coverage="100% (2/2)" hits="1" number="136"/>
						<line hits="0" number="138"/>
						<line hits="0" number="139"/>
						<line branch="true" condition-coverage="100% (2/2)" hits="1" number="141"/>
						<line hits="1" number="142"/>
						<line hits="1" number="143"/>
						<line branch="true" condition-coverage="100% (2/2)" hits="1" number="153"/>
						<line hits="1" number="154"/>
						<line hits="1" number="155"/>
						<line branch="true" condition-coverage="100% (2/2)" hits="1" number="157"/>
						<line branch="true" condition-coverage="100% (2/2)" hits="1" number="158"/>
						<line hits="1" number="159"/>
						<line branch="true" condition-coverage="100% (2/2)" hits="1" number="168"/>
						<line branch="true" condition-coverage="50% (1/2)" hits="1" missing-branches="170" number="169"/>
						<line hits="0" number="170"/>
						<line hits="0" number="171"/>
						<line hits="1" number="173"/>
						<line hits="1" number="175"/>
						<line hits="1" number="176"/>
						<line hits="1" number="181"/>
						<line hits="1" number="182"/>
						<line branch="true" condition-coverage="50% (1/2)" hits="1" missing-branches="184" number="183"/>
						<line hits="0" number="184"/>
						<line branch="true" condition-coverage="100% (2/2)" hits="1" number="186"/>
						<line hits="1" number="187"/>
						<line branch="true" condition-coverage="100% (2/2)" hits="1" number="189"/>
						<line hits="1" number="190"/>
						<line branch="true" condition-coverage="100% (2/2)" hits="1" number="191"/>
						<line hits="1" number="192"/>
						<line branch="true" condition-coverage="100% (2/2)" hits="1" number="194"/>
						<line hits="1" number="195"/>
						<line hits="1" number="196"/>
						<line hits="1" number="197"/>
						<line hits="1" number="198"/>
						<line branch="true" condition-coverage="50% (1/2)" hits="1" missing-branches="206" number="200"/>
						<line branch="true" condition-coverage="100% (2/2)" hits="1" number="201"/>
						<line hits="1" number="202"/>
						<line hits="1" number="204"/>
						<line hits="0" number="206"/>
						<line hits="1" number="209"/>
						<line branch="true" condition-coverage="100% (2/2)" hits="1" number="243"/>
						<line branch="true" condition-coverage="100% (2/2)" hits="1" number="244"/>
						<line hits="1" number="245"/>
						<line branch="true" condition-coverage="100% (2/2)" hits="1" number="247"/>
						<line branch="true" condition-coverage="50% (1/2)" hits="1" missing-branches="255" number="249"/>
						<line branch="true" condition-coverage="100% (2/2)" hits="1" number="250"/>
						<line hits="1" number="251"/>
						<line hits="1" number="253"/>
						<line hits="1" number="255"/>
						<line hits="1" number="257"/>
						<line branch="true" condition-coverage="50% (1/2)" hits="1" missing-branches="261" number="258"/>
						<line hits="1" number="259"/>
						<line hits="0" number="261"/>
						<line hits="1" number="263"/>
						<line hits="1" number="264"/>
						<line branch="true" condition-coverage="50% (1/2)" hits="1" missing-branches="266" number="265"/>
						<line hits="0" number="266"/>
						<line hits="1" number="268"/>
						<line branch="true" condition-coverage="100% (2/2)" hits="1" number="270"/>
						<line hits="1" number="271"/>
						<line hits="1" number="272"/>
						<line hits="1" number="273"/>
						<line hits="1" number="278"/>
						<line hits="1" number="279"/>
						<line hits="1" number="280"/>
						<line hits="1" number="281"/>
						<line branch="true" condition-coverage="50% (1/2)" hits="1" missing-branches="284" number="283"/>
						<line hits="0" number="284"/>
						<line hits="1" number="286"/>
						<line branch="true" condition-coverage="50% (1/2)" hits="1" missing-branches="291" number="288"/>
						<line hits="1" number="289"/>
						<line hits="0" number="291"/>
						<line hits="0" number="292"/>
						<line hits="1" number="295"/>
						<line hits="1" number="297"/>
						<line hits="1" number="299"/>
						<line hits="1" number="302"/>
						<line hits="1" number="303"/>
						<line branch="true" condition-coverage="50% (1/2)" hits="1" missing-branches="325" number="324"/>
						<line hits="0" number="325"/>
						<line branch="true" condition-coverage="50% (1/2)" hits="1" missing-branches="329" number="326"/>
						<line hits="1" number="327"/>
						<line branch="true" condition-coverage="100% (2/2)" hits="1" number="329"/>
						<line hits="1" number="330"/>
						<line hits="1" number="331"/>
						<line branch="true" condition-coverage="100% (2/2)" hits="1" number="332"/>
						<line hits="1" number="333"/>
						<line hits="1" number="334"/>
						<line hits="1" number="335"/>
						<line hits="1" number="336"/>
						<line hits="1" number="337"/>
						<line hits="1" number="339"/>
						<line branch="true" condition-coverage="50% (1/2)" hits="1" missing-branches="342" number="341"/>
						<line hits="0" number="342"/>
						<line hits="1" number="344"/>
						<line hits="1" number="346"/>
						<line hits="1" number="347"/>
						<line hits="1" number="348"/>
						<line hits="1" number="349"/>
						<line branch="true" condition-coverage="100% (2/2)" hits="1" number="350"/>
						<line branch="true" condition-coverage="100% (2/2)" hits="1" number="351"/>
						<line branch="true" condition-coverage="100% (2/2)" hits="1" number="352"/>
						<line hits="1" number="354"/>
						<line hits="1" number="355"/>
						<line hits="1" number="357"/>
						<line hits="1" number="360"/>
						<line hits="1" number="361"/>
						<line hits="1" number="376"/>
						<line hits="1" number="377"/>
						<line branch="true" condition-coverage="100% (2/2)" hits="1" number="379"/>
						<line hits="1" number="380"/>
						<line branch="true" condition-coverage="100% (2/2)" hits="1" number="381"/>
						<line branch="true" condition-coverage="100% (2/2)" hits="1" number="382"/>
						<line hits="1" number="392"/>
						<line branch="true" condition-coverage="100% (2/2)" hits="1" number="393"/>
						<line branch="true" condition-coverage="100% (2/2)" hits="1" number="397"/>
						<line branch="true" condition-coverage="100% (2/2)" hits="1" number="398"/>
						<line branch="true" condition-coverage="100% (2/2)" hits="1" number="399"/>
						<line branch="true" condition-coverage="100% (2/2)" hits="1" number="400"/>
						<line branch="true" condition-coverage="100% (2/2)" hits="1" number="405"/>
						<line hits="1" number="407"/>
						<line hits="1" number="409"/>
						<line hits="1" number="412"/>
						<line hits="1" number="464"/>
						<line hits="1" number="466"/>
						<line branch="true" condition-coverage="50% (1/2)" hits="1" missing-branches="473" number="472"/>
						<line branch="true" condition-coverage="0% (0/2)" hits="0" missing-branches="474,476" number="473"/>
						<line hits="0" number="474"/>
						<line hits="1" number="476"/>
						<line branch="true" condition-coverage="50% (1/2)" hits="1" missing-branches="485" number="484"/>
						<line branch="true" condition-coverage="0% (0/2)" hits="0" missing-branches="486,488" number="485"/>
						<line hits="0" number="486"/>
						<line hits="1" number="488"/>
						<line hits="1" number="489"/>
						<line branch="true" condition-coverage="50% (1/2)" hits="1" missing-branches="495" number="491"/>
						<line hits="1" number="492"/>
						<line hits="1" number="493"/>
						<line hits="0" number="495"/>
						<line hits="0" number="496"/>
						<line hits="0" number="497"/>
						<line hits="1" number="499"/>
						<line hits="1" number="500"/>
						<line hits="1" number="501"/>
						<line hits="1" number="502"/>
						<line branch="true" condition-coverage="100% (2/2)" hits="1" number="504"/>
						<line branch="true" condition-coverage="50% (1/2)" hits="1" missing-branches="507" number="505"/>
						<line hits="1" number="506"/>
						<line branch="true" condition-coverage="100% (2/2)" hits="1" number="507"/>
						<line hits="1" number="508"/>
						<line branch="true" condition-coverage="50% (1/2)" hits="1" missing-branches="512" number="509"/>
						<line hits="1" number="510"/>
						<line hits="0" number="512"/>
						<line hits="1" number="514"/>
						<line hits="1" number="516"/>
						<line hits="1" number="522"/>
						<line branch="true" condition-coverage="50% (1/2)" hits="1" missing-branches="534" number="528"/>
						<line hits="1" number="529"/>
						<line branch="true" condition-coverage="50% (1/2)" hits="1" missing-branches="531" number="530"/>
						<line hits="0" number="531"/>
						<line hits="1" number="532"/>
						<line hits="1" number="534"/>
						<line branch="true" condition-coverage="50% (1/2)" hits="1" missing-branches="536" number="535"/>
						<line hits="0" number="536"/>
						<line hits="1" number="538"/>
						<line hits="1" number="540"/>
						<line hits="1" number="541"/>
						<line hits="1" number="542"/>
						<line hits="1" number="543"/>
						<line branch="true" condition-coverage="50% (1/2)" hits="1" missing-branches="504" number="545"/>
						<line hits="1" number="546"/>
						<line branch="true" condition-coverage="100% (2/2)" hits="1" number="554"/>
						<line hits="1" number="555"/>
						<line hits="1" number="557"/>
						<line branch="true" condition-coverage="50% (1/2)" hits="1" missing-branches="562" number="559"/>
						<line hits="1" number="560"/>
						<line hits="0" number="562"/>
						<line hits="0" number="563"/>
						<line hits="1" number="566"/>
						<line hits="1" number="574"/>
						<line hits="1" number="585"/>
						<line hits="1" number="586"/>
						<line branch="true" condition-coverage="66% (2/3)" hits="1" missing-branches="588" number="587"/>
						<line branch="true" condition-coverage="0% (0/2)" hits="0" missing-branches="exit,exit" number="588"/>
						<line hits="1" number="590"/>
						<line hits="1" number="592"/>
						<line branch="true" condition-coverage="100% (2/2)" hits="1" number="598"/>
						<line hits="1" number="599"/>
						<line branch="true" condition-coverage="100% (2/2)" hits="1" number="600"/>
						<line branch="true" condition-coverage="100% (2/2)" hits="1" number="602"/>
						<line branch="true" condition-coverage="100% (2/2)" hits="1" number="603"/>
						<line hits="1" number="604"/>
						<line branch="true" condition-coverage="100% (2/2)" hits="1" number="605"/>
						<line branch="true" condition-coverage="50% (1/2)" hits="1" missing-branches="609" number="606"/>
						<line branch="true" condition-coverage="100% (2/2)" hits="1" number="607"/>
						<line hits="0" number="609"/>
						<line hits="1" number="611"/>
						<line branch="true" condition-coverage="100% (2/2)" hits="1" number="612"/>
						<line hits="1" number="613"/>
						<line branch="true" condition-coverage="100% (2/2)" hits="1" number="615"/>
						<line hits="1" number="616"/>
						<line hits="1" number="618"/>
						<line hits="1" number="620"/>
						<line hits="1" number="623"/>
						<line hits="1" number="668"/>
						<line hits="1" number="669"/>
						<line branch="true" condition-coverage="50% (1/2)" hits="1" missing-branches="672" number="671"/>
						<line hits="0" number="672"/>
						<line hits="0" number="673"/>
						<line hits="1" number="675"/>
						<line branch="true" condition-coverage="100% (2/2)" hits="1" number="676"/>
						<line branch="true" condition-coverage="100% (2/2)" hits="1" number="678"/>
						<line hits="1" number="679"/>
						<line branch="true" condition-coverage="50% (1/2)" hits="1" missing-branches="682" number="681"/>
						<line branch="true" condition-coverage="0% (0/2)" hits="0" missing-branches="683,685" number="682"/>
						<line hits="0" number="683"/>
						<line hits="0" number="685"/>
						<line hits="1" number="687"/>
						<line hits="1" number="689"/>
						<line branch="true" condition-coverage="100% (2/2)" hits="1" number="697"/>
						<line hits="1" number="698"/>
						<line hits="1" number="699"/>
						<line branch="true" condition-coverage="100% (2/2)" hits="1" number="701"/>
						<line hits="1" number="702"/>
						<line hits="1" number="704"/>
						<line branch="true" condition-coverage="100% (2/2)" hits="1" number="705"/>
						<line hits="1" number="706"/>
						<line branch="true" condition-coverage="100% (2/2)" hits="1" number="708"/>
						<line branch="true" condition-coverage="100% (2/2)" hits="1" number="709"/>
						<line branch="true" condition-coverage="50% (1/2)" hits="1" missing-branches="712" number="710"/>
						<line hits="1" number="711"/>
						<line branch="true" condition-coverage="0% (0/2)" hits="0" missing-branches="713,715" number="712"/>
						<line hits="0" number="713"/>
						<line hits="1" number="715"/>
						<line branch="true" condition-coverage="50% (1/2)" hits="1" missing-branches="717" number="716"/>
						<line hits="0" number="717"/>
						<line hits="1" number="718"/>
						<line hits="1" number="720"/>
						<line branch="true" condition-coverage="100% (2/2)" hits="1" number="725"/>
						<line hits="1" number="726"/>
						<line hits="1" number="728"/>
						<line hits="1" number="729"/>
						<line branch="true" condition-coverage="100% (2/2)" hits="1" number="731"/>
						<line hits="1" number="732"/>
						<line hits="1" number="733"/>
						<line hits="1" number="735"/>
						<line hits="1" number="740"/>
						<line hits="1" number="744"/>
						<line hits="1" number="748"/>
						<line hits="1" number="749"/>
						<line hits="1" number="750"/>
						<line hits="1" number="751"/>
						<line hits="1" number="752"/>
						<line hits="1" number="754"/>
						<line branch="true" condition-coverage="100% (2/2)" hits="1" number="756"/>
						<line hits="1" number="757"/>
						<line hits="1" number="762"/>
						<line branch="true" condition-coverage="50% (1/2)" hits="1" missing-branches="771" number="768"/>
						<line hits="1" number="769"/>
						<line hits="0" number="771"/>
						<line hits="1" number="774"/>
						<line hits="1" number="821"/>
						<line branch="true" condition-coverage="50% (1/2)" hits="1" missing-branches="825" number="822"/>
						<line hits="1" number="823"/>
						<line hits="0" number="825"/>
						<line hits="1" number="827"/>
						<line hits="1" number="828"/>
						<line hits="1" number="829"/>
						<line hits="1" number="830"/>
						<line hits="1" number="832"/>
						<line branch="true" condition-coverage="100% (2/2)" hits="1" number="834"/>
						<line hits="1" number="835"/>
						<line hits="1" number="836"/>
						<line branch="true" condition-coverage="100% (2/2)" hits="1" number="837"/>
						<line branch="true" condition-coverage="100% (2/2)" hits="1" number="838"/>
						<line hits="0" number="839"/>
						<line hits="0" number="840"/>
						<line hits="0" number="841"/>
						<line hits="1" number="843"/>
						<line branch="true" condition-coverage="100% (2/2)" hits="1" number="845"/>
						<line hits="1" number="846"/>
						<line hits="1" number="848"/>
						<line branch="true" condition-coverage="50% (1/2)" hits="1" missing-branches="856" number="855"/>
						<line hits="0" number="856"/>
						<line hits="1" number="858"/>
						<line hits="1" number="860"/>
						<line hits="1" number="870"/>
						<line hits="1" number="871"/>
						<line hits="1" number="872"/>
						<line hits="1" number="874"/>
						<line hits="1" number="875"/>
						<line hits="1" number="876"/>
						<line hits="1" number="877"/>
						<line hits="1" number="879"/>
						<line branch="true" condition-coverage="50% (1/2)" hits="1" missing-branches="882" number="881"/>
						<line hits="0" number="882"/>
						<line hits="0" number="883"/>
						<line branch="true" condition-coverage="100% (2/2)" hits="1" number="885"/>
						<line hits="1" number="886"/>
						<line hits="1" number="888"/>
						<line branch="true" condition-coverage="100% (2/2)" hits="1" number="890"/>
						<line hits="1" number="895"/>
						<line hits="1" number="896"/>
						<line branch="true" condition-coverage="100% (2/2)" hits="1" number="898"/>
						<line hits="1" number="899"/>
						<line hits="1" number="901"/>
						<line hits="1" number="904"/>
						<line branch="true" condition-coverage="50% (1/2)" hits="1" missing-branches="981" number="970"/>
						<line hits="1" number="971"/>
						<line hits="1" number="972"/>
						<line hits="1" number="973"/>
						<line hits="1" number="981"/>
						<line hits="1" number="982"/>
						<line hits="1" number="985"/>
						<line hits="1" number="986"/>
						<line hits="1" number="988"/>
						<line branch="true" condition-coverage="100% (2/2)" hits="1" number="990"/>
						<line hits="1" number="991"/>
						<line hits="1" number="992"/>
						<line hits="1" number="994"/>
						<line hits="1" number="995"/>
						<line hits="1" number="997"/>
						<line branch="true" condition-coverage="50% (1/2)" hits="1" missing-branches="1005" number="1003"/>
						<line hits="1" number="1004"/>
						<line hits="1" number="1005"/>
						<line hits="1" number="1014"/>
						<line hits="1" number="1015"/>
						<line hits="1" number="1016"/>
						<line branch="true" condition-coverage="50% (1/2)" hits="1" missing-branches="1021" number="1018"/>
						<line hits="1" number="1019"/>
						<line branch="true" condition-coverage="50% (1/2)" hits="1" missing-branches="1029" number="1021"/>
						<line hits="1" number="1022"/>
						<line branch="true" condition-coverage="100% (2/2)" hits="1" number="1029"/>
						<line hits="1" number="1030"/>
						<line hits="1" number="1038"/>
						<line branch="true" condition-coverage="50% (1/2)" hits="1" missing-branches="1045" number="1042"/>
						<line hits="1" number="1043"/>
						<line hits="0" number="1045"/>
					</lines>
				</class>
				<class branch-rate="0.663" complexity="0" filename="preprocess.py" line-rate="0.8426" name="preprocess.py">
					<methods/>
					<lines>
						<line hits="1" number="1"/>
						<line hits="1" number="2"/>
						<line hits="1" number="3"/>
						<line hits="1" number="4"/>
						<line hits="1" number="7"/>
						<line hits="1" number="8"/>
						<line hits="1" number="9"/>
						<line hits="1" number="11"/>
						<line hits="1" number="13"/>
						<line hits="1" number="14"/>
						<line hits="1" number="15"/>
						<line hits="1" number="17"/>
						<line hits="1" number="18"/>
						<line hits="1" number="20"/>
						<line hits="1" number="21"/>
						<line hits="1" number="22"/>
						<line hits="1" number="25"/>
						<line hits="1" number="48"/>
						<line hits="1" number="50"/>
						<line hits="1" number="52"/>
						<line hits="1" number="53"/>
						<line hits="1" number="55"/>
						<line hits="1" number="56"/>
						<line hits="1" number="57"/>
						<line branch="true" condition-coverage="50% (1/2)" hits="1" missing-branches="60" number="59"/>
						<line hits="0" number="60"/>
						<line hits="0" number="61"/>
						<line hits="1" number="63"/>
						<line branch="true" condition-coverage="100% (2/2)" hits="1" number="65"/>
						<line hits="1" number="66"/>
						<line branch="true" condition-coverage="100% (2/2)" hits="1" number="68"/>
						<line hits="1" number="69"/>
						<line hits="1" number="70"/>
						<line branch="true" condition-coverage="100% (2/2)" hits="1" number="71"/>
						<line hits="1" number="72"/>
						<line hits="1" number="73"/>
						<line hits="1" number="75"/>
						<line hits="1" number="82"/>
						<line hits="1" number="83"/>
						<line branch="true" condition-coverage="100% (2/2)" hits="1" number="85"/>
						<line hits="1" number="86"/>
						<line branch="true" condition-coverage="100% (2/2)" hits="1" number="87"/>
						<line hits="1" number="88"/>
						<line hits="1" number="89"/>
						<line hits="1" number="91"/>
						<line hits="1" number="94"/>
						<line branch="true" condition-coverage="50% (1/2)" hits="1" missing-branches="128" number="127"/>
						<line hits="0" number="128"/>
						<line branch="true" condition-coverage="0% (0/2)" hits="0" missing-branches="130,132" number="129"/>
						<line hits="0" number="130"/>
						<line hits="0" number="132"/>
						<line hits="1" number="137"/>
						<line hits="1" number="138"/>
						<line hits="1" number="139"/>
						<line hits="1" number="140"/>
						<line hits="1" number="141"/>
						<line hits="1" number="142"/>
						<line hits="1" number="143"/>
						<line branch="true" condition-coverage="50% (1/2)" hits="1" missing-branches="147" number="144"/>
						<line hits="1" number="145"/>
						<line branch="true" condition-coverage="100% (2/2)" hits="1" number="147"/>
						<line branch="true" condition-coverage="50% (1/2)" hits="1" missing-branches="150" number="148"/>
						<line hits="1" number="149"/>
						<line branch="true" condition-coverage="0% (0/2)" hits="0" missing-branches="151,153" number="150"/>
						<line hits="0" number="151"/>
						<line hits="0" number="153"/>
						<line hits="1" number="155"/>
						<line hits="1" number="156"/>
						<line hits="1" number="157"/>
						<line hits="1" number="158"/>
						<line hits="1" number="159"/>
						<line hits="1" number="160"/>
						<line hits="1" number="161"/>
						<line hits="1" number="162"/>
						<line hits="1" number="164"/>
						<line branch="true" condition-coverage="100% (2/2)" hits="1" number="165"/>
						<line branch="true" condition-coverage="100% (2/2)" hits="1" number="166"/>
						<line hits="1" number="167"/>
						<line hits="1" number="170"/>
						<line branch="true" condition-coverage="50% (1/2)" hits="1" missing-branches="185" number="172"/>
						<line hits="1" number="173"/>
						<line hits="1" number="178"/>
						<line hits="1" number="179"/>
						<line hits="1" number="180"/>
						<line hits="1" number="181"/>
						<line hits="1" number="182"/>
						<line hits="1" number="183"/>
						<line hits="0" number="185"/>
						<line hits="1" number="187"/>
						<line hits="1" number="188"/>
						<line hits="1" number="190"/>
						<line hits="1" number="192"/>
						<line hits="1" number="193"/>
						<line hits="1" number="195"/>
						<line hits="1" number="196"/>
						<line hits="1" number="198"/>
						<line hits="1" number="199"/>
						<line hits="1" number="201"/>
						<line hits="1" number="202"/>
						<line hits="1" number="203"/>
						<line hits="1" number="204"/>
						<line hits="1" number="205"/>
						<line hits="1" number="206"/>
						<line hits="1" number="207"/>
						<line hits="1" number="210"/>
						<line hits="1" number="212"/>
						<line hits="1" number="213"/>
						<line hits="1" number="214"/>
						<line hits="1" number="216"/>
						<line hits="1" number="217"/>
						<line branch="true" condition-coverage="100% (2/2)" hits="1" number="218"/>
						<line branch="true" condition-coverage="100% (2/2)" hits="1" number="219"/>
						<line hits="1" number="221"/>
						<line hits="1" number="224"/>
						<line hits="1" number="241"/>
						<line branch="true" condition-coverage="100% (2/2)" hits="1" number="243"/>
						<line hits="1" number="244"/>
						<line branch="true" condition-coverage="100% (2/2)" hits="1" number="245"/>
						<line hits="1" number="246"/>
						<line hits="1" number="248"/>
						<line branch="true" condition-coverage="100% (2/2)" hits="1" number="250"/>
						<line hits="1" number="251"/>
						<line hits="1" number="252"/>
						<line hits="1" number="253"/>
						<line hits="1" number="254"/>
						<line branch="true" condition-coverage="100% (2/2)" hits="1" number="260"/>
						<line hits="1" number="261"/>
						<line hits="1" number="262"/>
						<line branch="true" condition-coverage="100% (2/2)" hits="1" number="263"/>
						<line hits="1" number="264"/>
						<line hits="1" number="265"/>
						<line hits="1" number="266"/>
						<line hits="1" number="267"/>
						<line hits="1" number="268"/>
						<line hits="1" number="274"/>
						<line hits="1" number="281"/>
						<line hits="1" number="282"/>
						<line hits="1" number="284"/>
						<line hits="1" number="286"/>
						<line hits="1" number="288"/>
						<line hits="1" number="289"/>
						<line hits="1" number="291"/>
						<line hits="1" number="292"/>
						<line branch="true" condition-coverage="100% (2/2)" hits="1" number="293"/>
						<line branch="true" condition-coverage="100% (2/2)" hits="1" number="294"/>
						<line hits="1" number="295"/>
						<line hits="1" number="296"/>
						<line hits="1" number="299"/>
						<line hits="1" number="300"/>
						<line hits="1" number="303"/>
						<line branch="true" condition-coverage="100% (2/2)" hits="1" number="314"/>
						<line hits="1" number="315"/>
						<line branch="true" condition-coverage="100% (2/2)" hits="1" number="316"/>
						<line hits="1" number="317"/>
						<line hits="1" number="319"/>
						<line hits="1" number="320"/>
						<line hits="1" number="321"/>
						<line hits="1" number="322"/>
						<line hits="1" number="327"/>
						<line branch="true" condition-coverage="100% (2/2)" hits="1" number="328"/>
						<line branch="true" condition-coverage="100% (2/2)" hits="1" number="330"/>
						<line hits="1" number="331"/>
						<line hits="1" number="332"/>
						<line hits="1" number="335"/>
						<line hits="1" number="336"/>
						<line hits="1" number="337"/>
						<line branch="true" condition-coverage="100% (2/2)" hits="1" number="339"/>
						<line hits="1" number="340"/>
						<line branch="true" condition-coverage="100% (2/2)" hits="1" number="342"/>
						<line hits="1" number="343"/>
						<line hits="1" number="345"/>
						<line hits="1" number="351"/>
						<line hits="1" number="357"/>
						<line hits="1" number="359"/>
						<line hits="1" number="362"/>
						<line branch="true" condition-coverage="100% (2/2)" hits="1" number="391"/>
						<line hits="1" number="392"/>
						<line hits="1" number="394"/>
						<line branch="true" condition-coverage="50% (1/2)" hits="1" missing-branches="397" number="396"/>
						<line hits="0" number="397"/>
						<line branch="true" condition-coverage="50% (1/2)" hits="1" missing-branches="411" number="400"/>
						<line hits="1" number="401"/>
						<line hits="1" number="409"/>
						<line hits="1" number="411"/>
						<line hits="1" number="412"/>
						<line hits="1" number="413"/>
						<line hits="1" number="414"/>
						<line branch="true" condition-coverage="50% (1/2)" hits="1" missing-branches="417" number="416"/>
						<line hits="0" number="417"/>
						<line hits="0" number="418"/>
						<line hits="1" number="420"/>
						<line branch="true" condition-coverage="100% (2/2)" hits="1" number="422"/>
						<line hits="1" number="423"/>
						<line hits="1" number="424"/>
						<line hits="1" number="426"/>
						<line hits="1" number="427"/>
						<line hits="1" number="428"/>
						<line hits="1" number="429"/>
						<line hits="1" number="430"/>
						<line branch="true" condition-coverage="50% (1/2)" hits="1" missing-branches="433" number="432"/>
						<line hits="0" number="433"/>
						<line hits="1" number="435"/>
						<line hits="1" number="438"/>
						<line branch="true" condition-coverage="0% (0/2)" hits="0" missing-branches="443,445" number="442"/>
						<line hits="0" number="443"/>
						<line hits="0" number="445"/>
						<line branch="true" condition-coverage="0% (0/2)" hits="0" missing-branches="448,453" number="447"/>
						<line branch="true" condition-coverage="0% (0/2)" hits="0" missing-branches="449,451" number="448"/>
						<line hits="0" number="449"/>
						<line hits="0" number="451"/>
						<line branch="true" condition-coverage="0% (0/2)" hits="0" missing-branches="exit,454" number="453"/>
						<line branch="true" condition-coverage="0% (0/2)" hits="0" missing-branches="exit,457" number="454"/>
						<line hits="0" number="457"/>
						<line hits="1" number="460"/>
						<line branch="true" condition-coverage="0% (0/2)" hits="0" missing-branches="466,468" number="465"/>
						<line hits="0" number="466"/>
						<line hits="0" number="468"/>
						<line hits="0" number="470"/>
						<line hits="0" number="471"/>
						<line hits="0" number="472"/>
						<line hits="0" number="474"/>
						<line branch="true" condition-coverage="0% (0/2)" hits="0" missing-branches="478,482" number="477"/>
						<line branch="true" condition-coverage="0% (0/2)" hits="0" missing-branches="exit,479" number="478"/>
						<line hits="0" number="479"/>
						<line hits="0" number="480"/>
						<line hits="0" number="482"/>
						<line hits="1" number="485"/>
						<line branch="true" condition-coverage="50% (1/2)" hits="1" missing-branches="532" number="529"/>
						<line hits="1" number="530"/>
						<line hits="1" number="532"/>
						<line hits="1" number="533"/>
						<line hits="1" number="536"/>
						<line branch="true" condition-coverage="50% (1/2)" hits="1" missing-branches="538" number="537"/>
						<line hits="0" number="538"/>
						<line hits="1" number="539"/>
					</lines>
				</class>
				<class branch-rate="0.7" complexity="0" filename="sdea.py" line-rate="0.864" name="sdea.py">
					<methods/>
					<lines>
						<line hits="1" number="1"/>
						<line hits="1" number="3"/>
						<line hits="1" number="4"/>
						<line hits="1" number="7"/>
						<line hits="1" number="8"/>
						<line hits="1" number="9"/>
						<line hits="1" number="12"/>
						<line hits="1" number="13"/>
						<line hits="1" number="16"/>
						<line hits="1" number="26"/>
						<line hits="1" number="27"/>
						<line hits="1" number="28"/>
						<line hits="1" number="29"/>
						<line hits="1" number="31"/>
						<line hits="1" number="32"/>
						<line hits="1" number="33"/>
						<line hits="1" number="35"/>
						<line hits="1" number="38"/>
						<line branch="true" condition-coverage="100% (2/2)" hits="1" number="66"/>
						<line hits="1" number="67"/>
						<line hits="1" number="69"/>
						<line branch="true" condition-coverage="100% (2/2)" hits="1" number="71"/>
						<line hits="1" number="72"/>
						<line branch="true" condition-coverage="50% (1/2)" hits="1" missing-branches="77" number="74"/>
						<line hits="1" number="75"/>
						<line hits="1" number="77"/>
						<line hits="1" number="78"/>
						<line hits="1" number="79"/>
						<line hits="1" number="81"/>
						<line hits="1" number="83"/>
						<line hits="1" number="85"/>
						<line hits="1" number="88"/>
						<line branch="true" condition-coverage="100% (2/2)" hits="1" number="126"/>
						<line hits="1" number="127"/>
						<line branch="true" condition-coverage="50% (1/2)" hits="1" missing-branches="131" number="128"/>
						<line hits="1" number="129"/>
						<line hits="0" number="131"/>
						<line branch="true" condition-coverage="100% (2/2)" hits="1" number="133"/>
						<line hits="1" number="134"/>
						<line branch="true" condition-coverage="100% (2/2)" hits="1" number="135"/>
						<line branch="true" condition-coverage="50% (1/2)" hits="1" missing-branches="140" number="136"/>
						<line hits="1" number="137"/>
						<line hits="1" number="138"/>
						<line hits="0" number="140"/>
						<line hits="1" number="142"/>
						<line branch="true" condition-coverage="50% (1/2)" hits="1" missing-branches="147" number="144"/>
						<line hits="1" number="145"/>
						<line hits="1" number="147"/>
						<line hits="1" number="148"/>
						<line hits="1" number="149"/>
						<line hits="1" number="150"/>
						<line hits="1" number="152"/>
						<line hits="1" number="154"/>
						<line hits="1" number="155"/>
						<line hits="1" number="156"/>
						<line hits="1" number="157"/>
						<line hits="1" number="158"/>
						<line hits="1" number="159"/>
						<line branch="true" condition-coverage="100% (2/2)" hits="1" number="161"/>
						<line hits="1" number="162"/>
						<line branch="true" condition-coverage="100% (2/2)" hits="1" number="163"/>
						<line hits="1" number="164"/>
						<line hits="1" number="166"/>
						<line hits="1" number="167"/>
						<line hits="1" number="168"/>
						<line hits="1" number="169"/>
						<line hits="1" number="170"/>
						<line hits="1" number="171"/>
						<line hits="1" number="173"/>
						<line hits="1" number="175"/>
						<line hits="1" number="177"/>
						<line hits="1" number="178"/>
						<line hits="1" number="180"/>
						<line hits="1" number="183"/>
						<line branch="true" condition-coverage="100% (2/2)" hits="1" number="232"/>
						<line hits="1" number="233"/>
						<line branch="true" condition-coverage="100% (2/2)" hits="1" number="234"/>
						<line branch="true" condition-coverage="50% (1/2)" hits="1" missing-branches="237" number="235"/>
						<line hits="1" number="236"/>
						<line branch="true" condition-coverage="0% (0/2)" hits="0" missing-branches="238,240" number="237"/>
						<line hits="0" number="238"/>
						<line hits="0" number="240"/>
						<line branch="true" condition-coverage="100% (2/2)" hits="1" number="242"/>
						<line hits="1" number="243"/>
						<line hits="1" number="244"/>
						<line hits="1" number="245"/>
						<line hits="1" number="251"/>
						<line hits="1" number="252"/>
						<line hits="1" number="254"/>
						<line hits="1" number="255"/>
						<line hits="1" number="256"/>
						<line hits="1" number="257"/>
						<line hits="1" number="258"/>
						<line hits="1" number="260"/>
						<line hits="1" number="261"/>
						<line hits="1" number="263"/>
						<line hits="1" number="264"/>
						<line hits="0" number="265"/>
						<line hits="0" number="266"/>
						<line hits="0" number="267"/>
						<line hits="0" number="268"/>
						<line branch="true" condition-coverage="0% (0/2)" hits="0" missing-branches="271,276" number="270"/>
						<line branch="true" condition-coverage="0% (0/2)" hits="0" missing-branches="270,272" number="271"/>
						<line hits="0" number="272"/>
						<line hits="0" number="273"/>
						<line hits="0" number="274"/>
						<line hits="0" number="275"/>
						<line hits="0" number="276"/>
						<line hits="0" number="277"/>
						<line hits="1" number="279"/>
						<line branch="true" condition-coverage="50% (1/2)" hits="1" missing-branches="exit" number="281"/>
						<line hits="1" number="283"/>
						<line hits="1" number="284"/>
						<line hits="1" number="288"/>
						<line branch="true" condition-coverage="100% (2/2)" hits="1" number="290"/>
						<line hits="1" number="291"/>
						<line hits="1" number="292"/>
						<line hits="1" number="293"/>
						<line hits="1" number="294"/>
						<line hits="1" number="296"/>
						<line hits="1" number="297"/>
						<line hits="1" number="298"/>
						<line hits="1" number="300"/>
						<line hits="1" number="302"/>
						<line hits="1" number="307"/>
					</lines>
				</class>
				<class branch-rate="0.8448" complexity="0" filename="utils.py" line-rate="0.9185" name="utils.py">
					<methods/>
					<lines>
						<line hits="1" number="1"/>
						<line hits="1" number="2"/>
						<line hits="1" number="3"/>
						<line hits="1" number="4"/>
						<line hits="1" number="6"/>
						<line hits="1" number="8"/>
						<line hits="1" number="9"/>
						<line hits="1" number="12"/>
						<line branch="true" condition-coverage="100% (2/2)" hits="1" number="13"/>
						<line hits="1" number="14"/>
						<line hits="1" number="16"/>
						<line hits="1" number="19"/>
						<line branch="true" condition-coverage="100% (2/2)" hits="1" number="20"/>
						<line hits="1" number="21"/>
						<line branch="true" condition-coverage="100% (2/2)" hits="1" number="22"/>
						<line hits="1" number="23"/>
						<line hits="1" number="25"/>
						<line hits="1" number="28"/>
						<line branch="true" condition-coverage="100% (2/2)" hits="1" number="29"/>
						<line hits="1" number="30"/>
						<line hits="1" number="32"/>
						<line hits="1" number="35"/>
						<line branch="true" condition-coverage="100% (2/2)" hits="1" number="37"/>
						<line hits="1" number="38"/>
						<line hits="1" number="40"/>
						<line hits="1" number="43"/>
						<line branch="true" condition-coverage="100% (2/2)" hits="1" number="49"/>
						<line hits="1" number="50"/>
						<line hits="1" number="51"/>
						<line branch="true" condition-coverage="100% (2/2)" hits="1" number="52"/>
						<line hits="1" number="53"/>
						<line hits="1" number="55"/>
						<line hits="1" number="57"/>
						<line hits="1" number="60"/>
						<line branch="true" condition-coverage="100% (2/2)" hits="1" number="66"/>
						<line hits="1" number="68"/>
						<line hits="1" number="69"/>
						<line branch="true" condition-coverage="100% (2/2)" hits="1" number="71"/>
						<line hits="1" number="73"/>
						<line hits="0" number="74"/>
						<line branch="true" condition-coverage="50% (1/2)" hits="1" missing-branches="93" number="76"/>
						<line hits="1" number="77"/>
						<line branch="true" condition-coverage="100% (2/2)" hits="1" number="78"/>
						<line branch="true" condition-coverage="100% (2/2)" hits="1" number="79"/>
						<line hits="1" number="84"/>
						<line hits="0" number="85"/>
						<line hits="1" number="87"/>
						<line hits="1" number="88"/>
						<line branch="true" condition-coverage="100% (2/2)" hits="1" number="90"/>
						<line hits="1" number="91"/>
						<line hits="1" number="93"/>
						<line hits="1" number="96"/>
						<line hits="1" number="101"/>
						<line hits="1" number="102"/>
						<line hits="1" number="103"/>
						<line hits="1" number="104"/>
						<line hits="1" number="106"/>
						<line hits="1" number="112"/>
						<line hits="1" number="113"/>
						<line hits="1" number="115"/>
						<line hits="1" number="118"/>
						<line branch="true" condition-coverage="100% (2/2)" hits="1" number="125"/>
						<line hits="1" number="126"/>
						<line hits="1" number="127"/>
						<line branch="true" condition-coverage="100% (2/2)" hits="1" number="128"/>
						<line branch="true" condition-coverage="100% (2/2)" hits="1" number="129"/>
						<line hits="1" number="130"/>
						<line hits="1" number="131"/>
						<line hits="1" number="132"/>
						<line hits="1" number="133"/>
						<line hits="1" number="135"/>
						<line hits="1" number="138"/>
						<line hits="1" number="144"/>
						<line hits="1" number="146"/>
						<line hits="1" number="147"/>
						<line branch="true" condition-coverage="100% (2/2)" hits="1" number="149"/>
						<line branch="true" condition-coverage="100% (2/2)" hits="1" number="150"/>
						<line hits="1" number="151"/>
						<line hits="1" number="152"/>
						<line hits="1" number="154"/>
						<line hits="1" number="157"/>
						<line hits="1" number="160"/>
						<line hits="1" number="162"/>
						<line hits="1" number="164"/>
						<line hits="1" number="166"/>
						<line hits="1" number="169"/>
						<line hits="1" number="173"/>
						<line hits="1" number="174"/>
						<line hits="1" number="176"/>
						<line hits="1" number="177"/>
						<line hits="1" number="179"/>
						<line hits="1" number="182"/>
						<line hits="1" number="190"/>
						<line branch="true" condition-coverage="100% (2/2)" hits="1" number="192"/>
						<line branch="true" condition-coverage="100% (2/2)" hits="1" number="193"/>
						<line hits="1" number="194"/>
						<line hits="1" number="196"/>
						<line branch="true" condition-coverage="100% (2/2)" hits="1" number="198"/>
						<line hits="1" number="199"/>
						<line branch="true" condition-coverage="50% (1/2)" hits="1" missing-branches="211" number="204"/>
						<line hits="1" number="205"/>
						<line branch="true" condition-coverage="50% (1/2)" hits="1" missing-branches="213" number="211"/>
						<line hits="1" number="212"/>
						<line hits="0" number="213"/>
						<line hits="0" number="214"/>
						<line branch="true" condition-coverage="50% (1/2)" hits="1" missing-branches="220" number="219"/>
						<line hits="0" number="220"/>
						<line hits="1" number="221"/>
						<line hits="1" number="224"/>
						<line branch="true" condition-coverage="100% (2/2)" hits="1" number="225"/>
						<line hits="1" number="226"/>
						<line hits="1" number="228"/>
						<line hits="1" number="231"/>
						<line branch="true" condition-coverage="100% (2/2)" hits="1" number="234"/>
						<line branch="true" condition-coverage="50% (1/2)" hits="1" missing-branches="236" number="235"/>
						<line hits="0" number="236"/>
						<line hits="1" number="237"/>
						<line hits="1" number="239"/>
						<line hits="1" number="241"/>
						<line hits="1" number="242"/>
						<line hits="1" number="243"/>
						<line hits="1" number="244"/>
						<line hits="1" number="247"/>
						<line hits="1" number="250"/>
						<line hits="1" number="251"/>
						<line hits="1" number="252"/>
						<line hits="1" number="255"/>
						<line hits="1" number="256"/>
						<line hits="1" number="257"/>
						<line hits="1" number="260"/>
						<line branch="true" condition-coverage="0% (0/2)" hits="0" missing-branches="263,264" number="262"/>
						<line hits="0" number="263"/>
						<line branch="true" condition-coverage="0% (0/2)" hits="0" missing-branches="265,267" number="264"/>
						<line hits="0" number="265"/>
						<line hits="0" number="267"/>
					</lines>
				</class>
			</classes>
		</package>
	</packages>
</coverage>
